1720869000.141975 client started (11919): version 3.4, socket /tmp/tmux-1000/default, protocol 8
1720869000.142017 on Linux 6.9.7-arch1-1 #1 SMP PREEMPT_DYNAMIC Fri, 28 Jun 2024 04:32:50 +0000
1720869000.142043 using libevent 2.1.12-stable poll
1720869000.142051 using ncurses 6.5 20240427
1720869000.142080 flags are 0x18010000
1720869000.142106 socket is /tmp/tmux-1000/default
1720869000.142126 trying connect
1720869000.142152 connect failed: Connection refused
1720869000.142169 lock file is /tmp/tmux-1000/default.lock
1720869000.142201 flock succeeded
1720869000.142209 got lock (6)
1720869000.142220 trying connect
1720869000.142234 connect failed: Connection refused
1720869000.142615 add peer 0x61b8bda43930: 7 ((nil))
1720869000.143172 sending message 100 to peer 0x61b8bda43930 (4 bytes)
1720869000.143185 sending message 111 to peer 0x61b8bda43930 (8 bytes)
1720869000.143188 sending message 101 to peer 0x61b8bda43930 (12 bytes)
1720869000.143189 sending message 109 to peer 0x61b8bda43930 (4 bytes)
1720869000.143191 sending message 102 to peer 0x61b8bda43930 (11 bytes)
1720869000.143192 sending message 108 to peer 0x61b8bda43930 (27 bytes)
1720869000.143194 sending message 112 to peer 0x61b8bda43930 (70 bytes)
1720869000.143195 sending message 112 to peer 0x61b8bda43930 (5 bytes)
1720869000.143197 sending message 112 to peer 0x61b8bda43930 (6 bytes)
1720869000.143198 sending message 112 to peer 0x61b8bda43930 (6 bytes)
1720869000.143200 sending message 112 to peer 0x61b8bda43930 (10 bytes)
1720869000.143201 sending message 112 to peer 0x61b8bda43930 (13 bytes)
1720869000.143203 sending message 112 to peer 0x61b8bda43930 (14 bytes)
1720869000.143204 sending message 112 to peer 0x61b8bda43930 (19 bytes)
1720869000.143206 sending message 112 to peer 0x61b8bda43930 (11 bytes)
1720869000.143207 sending message 112 to peer 0x61b8bda43930 (10 bytes)
1720869000.143208 sending message 112 to peer 0x61b8bda43930 (15 bytes)
1720869000.143210 sending message 112 to peer 0x61b8bda43930 (21 bytes)
1720869000.143211 sending message 112 to peer 0x61b8bda43930 (13 bytes)
1720869000.143213 sending message 112 to peer 0x61b8bda43930 (7 bytes)
1720869000.143214 sending message 112 to peer 0x61b8bda43930 (13 bytes)
1720869000.143216 sending message 112 to peer 0x61b8bda43930 (7 bytes)
1720869000.143217 sending message 112 to peer 0x61b8bda43930 (13 bytes)
1720869000.143218 sending message 112 to peer 0x61b8bda43930 (9 bytes)
1720869000.143220 sending message 112 to peer 0x61b8bda43930 (21 bytes)
1720869000.143221 sending message 112 to peer 0x61b8bda43930 (13 bytes)
1720869000.143223 sending message 112 to peer 0x61b8bda43930 (9 bytes)
1720869000.143224 sending message 112 to peer 0x61b8bda43930 (16 bytes)
1720869000.143225 sending message 112 to peer 0x61b8bda43930 (13 bytes)
1720869000.143227 sending message 112 to peer 0x61b8bda43930 (9 bytes)
1720869000.143229 sending message 112 to peer 0x61b8bda43930 (9 bytes)
1720869000.143230 sending message 112 to peer 0x61b8bda43930 (12 bytes)
1720869000.143231 sending message 112 to peer 0x61b8bda43930 (8 bytes)
1720869000.143233 sending message 112 to peer 0x61b8bda43930 (13 bytes)
1720869000.143234 sending message 112 to peer 0x61b8bda43930 (7 bytes)
1720869000.143236 sending message 112 to peer 0x61b8bda43930 (7 bytes)
1720869000.143237 sending message 112 to peer 0x61b8bda43930 (9 bytes)
1720869000.143238 sending message 112 to peer 0x61b8bda43930 (6 bytes)
1720869000.143240 sending message 112 to peer 0x61b8bda43930 (9 bytes)
1720869000.143241 sending message 112 to peer 0x61b8bda43930 (15 bytes)
1720869000.143243 sending message 112 to peer 0x61b8bda43930 (13 bytes)
1720869000.143244 sending message 112 to peer 0x61b8bda43930 (12 bytes)
1720869000.143246 sending message 112 to peer 0x61b8bda43930 (8 bytes)
1720869000.143247 sending message 112 to peer 0x61b8bda43930 (14 bytes)
1720869000.143249 sending message 112 to peer 0x61b8bda43930 (9 bytes)
1720869000.143250 sending message 112 to peer 0x61b8bda43930 (10 bytes)
1720869000.143252 sending message 112 to peer 0x61b8bda43930 (10 bytes)
1720869000.143253 sending message 112 to peer 0x61b8bda43930 (10 bytes)
1720869000.143262 sending message 112 to peer 0x61b8bda43930 (10 bytes)
1720869000.143264 sending message 112 to peer 0x61b8bda43930 (11 bytes)
1720869000.143266 sending message 112 to peer 0x61b8bda43930 (12 bytes)
1720869000.143267 sending message 112 to peer 0x61b8bda43930 (12 bytes)
1720869000.143269 sending message 112 to peer 0x61b8bda43930 (12 bytes)
1720869000.143270 sending message 112 to peer 0x61b8bda43930 (12 bytes)
1720869000.143271 sending message 112 to peer 0x61b8bda43930 (12 bytes)
1720869000.143273 sending message 112 to peer 0x61b8bda43930 (11 bytes)
1720869000.143274 sending message 112 to peer 0x61b8bda43930 (11 bytes)
1720869000.143276 sending message 112 to peer 0x61b8bda43930 (12 bytes)
1720869000.143277 sending message 112 to peer 0x61b8bda43930 (12 bytes)
1720869000.143279 sending message 112 to peer 0x61b8bda43930 (12 bytes)
1720869000.143280 sending message 112 to peer 0x61b8bda43930 (12 bytes)
1720869000.143282 sending message 112 to peer 0x61b8bda43930 (12 bytes)
1720869000.143283 sending message 112 to peer 0x61b8bda43930 (9 bytes)
1720869000.143285 sending message 112 to peer 0x61b8bda43930 (12 bytes)
1720869000.143286 sending message 112 to peer 0x61b8bda43930 (13 bytes)
1720869000.143287 sending message 112 to peer 0x61b8bda43930 (13 bytes)
1720869000.143289 sending message 112 to peer 0x61b8bda43930 (13 bytes)
1720869000.143290 sending message 112 to peer 0x61b8bda43930 (13 bytes)
1720869000.143292 sending message 112 to peer 0x61b8bda43930 (13 bytes)
1720869000.143293 sending message 112 to peer 0x61b8bda43930 (8 bytes)
1720869000.143295 sending message 112 to peer 0x61b8bda43930 (11 bytes)
1720869000.143296 sending message 112 to peer 0x61b8bda43930 (11 bytes)
1720869000.143298 sending message 112 to peer 0x61b8bda43930 (11 bytes)
1720869000.143299 sending message 112 to peer 0x61b8bda43930 (12 bytes)
1720869000.143301 sending message 112 to peer 0x61b8bda43930 (12 bytes)
1720869000.143302 sending message 112 to peer 0x61b8bda43930 (13 bytes)
1720869000.143304 sending message 112 to peer 0x61b8bda43930 (12 bytes)
1720869000.143305 sending message 112 to peer 0x61b8bda43930 (13 bytes)
1720869000.143307 sending message 112 to peer 0x61b8bda43930 (13 bytes)
1720869000.143308 sending message 112 to peer 0x61b8bda43930 (13 bytes)
1720869000.143309 sending message 112 to peer 0x61b8bda43930 (8 bytes)
1720869000.143311 sending message 112 to peer 0x61b8bda43930 (13 bytes)
1720869000.143312 sending message 112 to peer 0x61b8bda43930 (13 bytes)
1720869000.143314 sending message 112 to peer 0x61b8bda43930 (13 bytes)
1720869000.143315 sending message 112 to peer 0x61b8bda43930 (13 bytes)
1720869000.143317 sending message 112 to peer 0x61b8bda43930 (13 bytes)
1720869000.143318 sending message 112 to peer 0x61b8bda43930 (12 bytes)
1720869000.143319 sending message 112 to peer 0x61b8bda43930 (12 bytes)
1720869000.143321 sending message 112 to peer 0x61b8bda43930 (13 bytes)
1720869000.143322 sending message 112 to peer 0x61b8bda43930 (12 bytes)
1720869000.143324 sending message 112 to peer 0x61b8bda43930 (13 bytes)
1720869000.143325 sending message 112 to peer 0x61b8bda43930 (8 bytes)
1720869000.143327 sending message 112 to peer 0x61b8bda43930 (13 bytes)
1720869000.143328 sending message 112 to peer 0x61b8bda43930 (13 bytes)
1720869000.143330 sending message 112 to peer 0x61b8bda43930 (13 bytes)
1720869000.143331 sending message 112 to peer 0x61b8bda43930 (13 bytes)
1720869000.143333 sending message 112 to peer 0x61b8bda43930 (13 bytes)
1720869000.143334 sending message 112 to peer 0x61b8bda43930 (13 bytes)
1720869000.143335 sending message 112 to peer 0x61b8bda43930 (13 bytes)
1720869000.143337 sending message 112 to peer 0x61b8bda43930 (12 bytes)
1720869000.143338 sending message 112 to peer 0x61b8bda43930 (12 bytes)
1720869000.143340 sending message 112 to peer 0x61b8bda43930 (13 bytes)
1720869000.143341 sending message 112 to peer 0x61b8bda43930 (8 bytes)
1720869000.143342 sending message 112 to peer 0x61b8bda43930 (12 bytes)
1720869000.143344 sending message 112 to peer 0x61b8bda43930 (13 bytes)
1720869000.143346 sending message 112 to peer 0x61b8bda43930 (13 bytes)
1720869000.143349 sending message 112 to peer 0x61b8bda43930 (13 bytes)
1720869000.143350 sending message 112 to peer 0x61b8bda43930 (13 bytes)
1720869000.143352 sending message 112 to peer 0x61b8bda43930 (13 bytes)
1720869000.143353 sending message 112 to peer 0x61b8bda43930 (13 bytes)
1720869000.143354 sending message 112 to peer 0x61b8bda43930 (13 bytes)
1720869000.143356 sending message 112 to peer 0x61b8bda43930 (13 bytes)
1720869000.143357 sending message 112 to peer 0x61b8bda43930 (12 bytes)
1720869000.143359 sending message 112 to peer 0x61b8bda43930 (10 bytes)
1720869000.143360 sending message 112 to peer 0x61b8bda43930 (12 bytes)
1720869000.143362 sending message 112 to peer 0x61b8bda43930 (13 bytes)
1720869000.143363 sending message 112 to peer 0x61b8bda43930 (12 bytes)
1720869000.143365 sending message 112 to peer 0x61b8bda43930 (13 bytes)
1720869000.143366 sending message 112 to peer 0x61b8bda43930 (13 bytes)
1720869000.143367 sending message 112 to peer 0x61b8bda43930 (13 bytes)
1720869000.143369 sending message 112 to peer 0x61b8bda43930 (13 bytes)
1720869000.143370 sending message 112 to peer 0x61b8bda43930 (13 bytes)
1720869000.143372 sending message 112 to peer 0x61b8bda43930 (13 bytes)
1720869000.143373 sending message 112 to peer 0x61b8bda43930 (13 bytes)
1720869000.143374 sending message 112 to peer 0x61b8bda43930 (10 bytes)
1720869000.143376 sending message 112 to peer 0x61b8bda43930 (13 bytes)
1720869000.143377 sending message 112 to peer 0x61b8bda43930 (12 bytes)
1720869000.143379 sending message 112 to peer 0x61b8bda43930 (12 bytes)
1720869000.143380 sending message 112 to peer 0x61b8bda43930 (13 bytes)
1720869000.143381 sending message 112 to peer 0x61b8bda43930 (10 bytes)
1720869000.143383 sending message 112 to peer 0x61b8bda43930 (10 bytes)
1720869000.143384 sending message 112 to peer 0x61b8bda43930 (10 bytes)
1720869000.143386 sending message 112 to peer 0x61b8bda43930 (12 bytes)
1720869000.143387 sending message 112 to peer 0x61b8bda43930 (13 bytes)
1720869000.143388 sending message 112 to peer 0x61b8bda43930 (13 bytes)
1720869000.143390 sending message 112 to peer 0x61b8bda43930 (13 bytes)
1720869000.143391 sending message 112 to peer 0x61b8bda43930 (13 bytes)
1720869000.143393 sending message 112 to peer 0x61b8bda43930 (13 bytes)
1720869000.143394 sending message 112 to peer 0x61b8bda43930 (10 bytes)
1720869000.143395 sending message 112 to peer 0x61b8bda43930 (11 bytes)
1720869000.143397 sending message 112 to peer 0x61b8bda43930 (12 bytes)
1720869000.143398 sending message 112 to peer 0x61b8bda43930 (12 bytes)
1720869000.143400 sending message 112 to peer 0x61b8bda43930 (12 bytes)
1720869000.143401 sending message 112 to peer 0x61b8bda43930 (12 bytes)
1720869000.143403 sending message 112 to peer 0x61b8bda43930 (12 bytes)
1720869000.143404 sending message 112 to peer 0x61b8bda43930 (11 bytes)
1720869000.143405 sending message 112 to peer 0x61b8bda43930 (12 bytes)
1720869000.143407 sending message 112 to peer 0x61b8bda43930 (12 bytes)
1720869000.143408 sending message 112 to peer 0x61b8bda43930 (13 bytes)
1720869000.143409 sending message 112 to peer 0x61b8bda43930 (13 bytes)
1720869000.143411 sending message 112 to peer 0x61b8bda43930 (13 bytes)
1720869000.143412 sending message 112 to peer 0x61b8bda43930 (13 bytes)
1720869000.143414 sending message 112 to peer 0x61b8bda43930 (13 bytes)
1720869000.143415 sending message 112 to peer 0x61b8bda43930 (10 bytes)
1720869000.143417 sending message 112 to peer 0x61b8bda43930 (9 bytes)
1720869000.143418 sending message 112 to peer 0x61b8bda43930 (12 bytes)
1720869000.143419 sending message 112 to peer 0x61b8bda43930 (13 bytes)
1720869000.143421 sending message 112 to peer 0x61b8bda43930 (13 bytes)
1720869000.143422 sending message 112 to peer 0x61b8bda43930 (13 bytes)
1720869000.143424 sending message 112 to peer 0x61b8bda43930 (13 bytes)
1720869000.143425 sending message 112 to peer 0x61b8bda43930 (13 bytes)
1720869000.143428 sending message 112 to peer 0x61b8bda43930 (9 bytes)
1720869000.143430 sending message 112 to peer 0x61b8bda43930 (12 bytes)
1720869000.143431 sending message 112 to peer 0x61b8bda43930 (13 bytes)
1720869000.143433 sending message 112 to peer 0x61b8bda43930 (13 bytes)
1720869000.143434 sending message 112 to peer 0x61b8bda43930 (13 bytes)
1720869000.143436 sending message 112 to peer 0x61b8bda43930 (13 bytes)
1720869000.143437 sending message 112 to peer 0x61b8bda43930 (13 bytes)
1720869000.143439 sending message 112 to peer 0x61b8bda43930 (11 bytes)
1720869000.143440 sending message 112 to peer 0x61b8bda43930 (12 bytes)
1720869000.143442 sending message 112 to peer 0x61b8bda43930 (13 bytes)
1720869000.143443 sending message 112 to peer 0x61b8bda43930 (13 bytes)
1720869000.143444 sending message 112 to peer 0x61b8bda43930 (13 bytes)
1720869000.143446 sending message 112 to peer 0x61b8bda43930 (13 bytes)
1720869000.143447 sending message 112 to peer 0x61b8bda43930 (13 bytes)
1720869000.143449 sending message 112 to peer 0x61b8bda43930 (11 bytes)
1720869000.143450 sending message 112 to peer 0x61b8bda43930 (12 bytes)
1720869000.143452 sending message 112 to peer 0x61b8bda43930 (12 bytes)
1720869000.143453 sending message 112 to peer 0x61b8bda43930 (12 bytes)
1720869000.143455 sending message 112 to peer 0x61b8bda43930 (12 bytes)
1720869000.143456 sending message 112 to peer 0x61b8bda43930 (12 bytes)
1720869000.143457 sending message 112 to peer 0x61b8bda43930 (22 bytes)
1720869000.143459 sending message 112 to peer 0x61b8bda43930 (12 bytes)
1720869000.143460 sending message 112 to peer 0x61b8bda43930 (9 bytes)
1720869000.143462 sending message 112 to peer 0x61b8bda43930 (6 bytes)
1720869000.143463 sending message 112 to peer 0x61b8bda43930 (13 bytes)
1720869000.143465 sending message 112 to peer 0x61b8bda43930 (10 bytes)
1720869000.143466 sending message 112 to peer 0x61b8bda43930 (15 bytes)
1720869000.143468 sending message 112 to peer 0x61b8bda43930 (11 bytes)
1720869000.143469 sending message 112 to peer 0x61b8bda43930 (9 bytes)
1720869000.143470 sending message 112 to peer 0x61b8bda43930 (70 bytes)
1720869000.143472 sending message 112 to peer 0x61b8bda43930 (69 bytes)
1720869000.143473 sending message 112 to peer 0x61b8bda43930 (34 bytes)
1720869000.143475 sending message 112 to peer 0x61b8bda43930 (34 bytes)
1720869000.143476 sending message 112 to peer 0x61b8bda43930 (69 bytes)
1720869000.143478 sending message 112 to peer 0x61b8bda43930 (12 bytes)
1720869000.143479 sending message 112 to peer 0x61b8bda43930 (10 bytes)
1720869000.143481 sending message 112 to peer 0x61b8bda43930 (10 bytes)
1720869000.143482 sending message 112 to peer 0x61b8bda43930 (15 bytes)
1720869000.143484 sending message 112 to peer 0x61b8bda43930 (11 bytes)
1720869000.143486 sending message 112 to peer 0x61b8bda43930 (10 bytes)
1720869000.143487 sending message 112 to peer 0x61b8bda43930 (10 bytes)
1720869000.143489 sending message 112 to peer 0x61b8bda43930 (17 bytes)
1720869000.143490 sending message 112 to peer 0x61b8bda43930 (10 bytes)
1720869000.143492 sending message 112 to peer 0x61b8bda43930 (13 bytes)
1720869000.143493 sending message 112 to peer 0x61b8bda43930 (17 bytes)
1720869000.143494 sending message 112 to peer 0x61b8bda43930 (5 bytes)
1720869000.143496 sending message 112 to peer 0x61b8bda43930 (9 bytes)
1720869000.143497 sending message 112 to peer 0x61b8bda43930 (15 bytes)
1720869000.143499 sending message 104 to peer 0x61b8bda43930 (0 bytes)
1720869000.143501 sending message 110 to peer 0x61b8bda43930 (0 bytes)
1720869000.143503 sending message 107 to peer 0x61b8bda43930 (4 bytes)
1720869000.143504 sending message 105 to peer 0x61b8bda43930 (31 bytes)
1720869000.143506 sending message 105 to peer 0x61b8bda43930 (11 bytes)
1720869000.143507 sending message 105 to peer 0x61b8bda43930 (23 bytes)
1720869000.143509 sending message 105 to peer 0x61b8bda43930 (8 bytes)
1720869000.143510 sending message 105 to peer 0x61b8bda43930 (54 bytes)
1720869000.143512 sending message 105 to peer 0x61b8bda43930 (24 bytes)
1720869000.143515 sending message 105 to peer 0x61b8bda43930 (12 bytes)
1720869000.143517 sending message 105 to peer 0x61b8bda43930 (25 bytes)
1720869000.143518 sending message 105 to peer 0x61b8bda43930 (20 bytes)
1720869000.143520 sending message 105 to peer 0x61b8bda43930 (15 bytes)
1720869000.143521 sending message 105 to peer 0x61b8bda43930 (19 bytes)
1720869000.143523 sending message 105 to peer 0x61b8bda43930 (38 bytes)
1720869000.143524 sending message 105 to peer 0x61b8bda43930 (25 bytes)
1720869000.143526 sending message 105 to peer 0x61b8bda43930 (11 bytes)
1720869000.143527 sending message 105 to peer 0x61b8bda43930 (20 bytes)
1720869000.143529 sending message 105 to peer 0x61b8bda43930 (30 bytes)
1720869000.143530 sending message 105 to peer 0x61b8bda43930 (50 bytes)
1720869000.143532 sending message 105 to peer 0x61b8bda43930 (20 bytes)
1720869000.143533 sending message 105 to peer 0x61b8bda43930 (17 bytes)
1720869000.143535 sending message 105 to peer 0x61b8bda43930 (24 bytes)
1720869000.143536 sending message 105 to peer 0x61b8bda43930 (28 bytes)
1720869000.143538 sending message 105 to peer 0x61b8bda43930 (46 bytes)
1720869000.143539 sending message 105 to peer 0x61b8bda43930 (38 bytes)
1720869000.143541 sending message 105 to peer 0x61b8bda43930 (31 bytes)
1720869000.143542 sending message 105 to peer 0x61b8bda43930 (90 bytes)
1720869000.143544 sending message 105 to peer 0x61b8bda43930 (27 bytes)
1720869000.143545 sending message 105 to peer 0x61b8bda43930 (16 bytes)
1720869000.143547 sending message 105 to peer 0x61b8bda43930 (17 bytes)
1720869000.143548 sending message 105 to peer 0x61b8bda43930 (64 bytes)
1720869000.143550 sending message 105 to peer 0x61b8bda43930 (60 bytes)
1720869000.143551 sending message 105 to peer 0x61b8bda43930 (26 bytes)
1720869000.143553 sending message 105 to peer 0x61b8bda43930 (15 bytes)
1720869000.143554 sending message 105 to peer 0x61b8bda43930 (31 bytes)
1720869000.143556 sending message 105 to peer 0x61b8bda43930 (21 bytes)
1720869000.143557 sending message 105 to peer 0x61b8bda43930 (17 bytes)
1720869000.143558 sending message 105 to peer 0x61b8bda43930 (18 bytes)
1720869000.143560 sending message 105 to peer 0x61b8bda43930 (33 bytes)
1720869000.143561 sending message 105 to peer 0x61b8bda43930 (9 bytes)
1720869000.143563 sending message 105 to peer 0x61b8bda43930 (171 bytes)
1720869000.143564 sending message 105 to peer 0x61b8bda43930 (33 bytes)
1720869000.143566 sending message 105 to peer 0x61b8bda43930 (29 bytes)
1720869000.143567 sending message 105 to peer 0x61b8bda43930 (16 bytes)
1720869000.143569 sending message 105 to peer 0x61b8bda43930 (18 bytes)
1720869000.143570 sending message 105 to peer 0x61b8bda43930 (14 bytes)
1720869000.143572 sending message 105 to peer 0x61b8bda43930 (19 bytes)
1720869000.143573 sending message 106 to peer 0x61b8bda43930 (0 bytes)
1720869000.143594 sending message 200 to peer 0x61b8bda43930 (4 bytes)
1720869000.143595 client loop enter
1720869000.143603 client_signal: Child exited
1720869000.734419 peer 0x61b8bda43930 message 207
1720869000.734434 sending message 208 to peer 0x61b8bda43930 (0 bytes)
1720869004.050277 peer 0x61b8bda43930 message 203
1720869004.050287 sending message 205 to peer 0x61b8bda43930 (0 bytes)
1720869004.050488 peer 0x61b8bda43930 message 204
1720869004.050496 client loop exit
