1720869005.431640 client started (12258): version 3.4, socket /tmp/tmux-1000/default, protocol 8
1720869005.431669 on Linux 6.9.7-arch1-1 #1 SMP PREEMPT_DYNAMIC Fri, 28 Jun 2024 04:32:50 +0000
1720869005.431684 using libevent 2.1.12-stable poll
1720869005.431689 using ncurses 6.5 20240427
1720869005.431709 flags are 0x18010000
1720869005.431725 socket is /tmp/tmux-1000/default
1720869005.431734 trying connect
1720869005.431747 connect failed: Connection refused
1720869005.431755 lock file is /tmp/tmux-1000/default.lock
1720869005.431774 flock succeeded
1720869005.431778 got lock (6)
1720869005.431784 trying connect
1720869005.431790 connect failed: Connection refused
1720869005.432073 add peer 0x562472281930: 7 ((nil))
1720869005.432555 sending message 100 to peer 0x562472281930 (4 bytes)
1720869005.432564 sending message 111 to peer 0x562472281930 (8 bytes)
1720869005.432569 sending message 101 to peer 0x562472281930 (12 bytes)
1720869005.432573 sending message 109 to peer 0x562472281930 (4 bytes)
1720869005.432578 sending message 102 to peer 0x562472281930 (11 bytes)
1720869005.432582 sending message 108 to peer 0x562472281930 (27 bytes)
1720869005.432587 sending message 112 to peer 0x562472281930 (70 bytes)
1720869005.432592 sending message 112 to peer 0x562472281930 (5 bytes)
1720869005.432596 sending message 112 to peer 0x562472281930 (6 bytes)
1720869005.432600 sending message 112 to peer 0x562472281930 (6 bytes)
1720869005.432605 sending message 112 to peer 0x562472281930 (10 bytes)
1720869005.432610 sending message 112 to peer 0x562472281930 (13 bytes)
1720869005.432614 sending message 112 to peer 0x562472281930 (14 bytes)
1720869005.432619 sending message 112 to peer 0x562472281930 (19 bytes)
1720869005.432624 sending message 112 to peer 0x562472281930 (11 bytes)
1720869005.432629 sending message 112 to peer 0x562472281930 (10 bytes)
1720869005.432633 sending message 112 to peer 0x562472281930 (15 bytes)
1720869005.432637 sending message 112 to peer 0x562472281930 (21 bytes)
1720869005.432642 sending message 112 to peer 0x562472281930 (13 bytes)
1720869005.432647 sending message 112 to peer 0x562472281930 (7 bytes)
1720869005.432651 sending message 112 to peer 0x562472281930 (13 bytes)
1720869005.432655 sending message 112 to peer 0x562472281930 (7 bytes)
1720869005.432660 sending message 112 to peer 0x562472281930 (13 bytes)
1720869005.432664 sending message 112 to peer 0x562472281930 (9 bytes)
1720869005.432668 sending message 112 to peer 0x562472281930 (21 bytes)
1720869005.432672 sending message 112 to peer 0x562472281930 (13 bytes)
1720869005.432676 sending message 112 to peer 0x562472281930 (9 bytes)
1720869005.432680 sending message 112 to peer 0x562472281930 (16 bytes)
1720869005.432685 sending message 112 to peer 0x562472281930 (13 bytes)
1720869005.432689 sending message 112 to peer 0x562472281930 (9 bytes)
1720869005.432693 sending message 112 to peer 0x562472281930 (9 bytes)
1720869005.432697 sending message 112 to peer 0x562472281930 (12 bytes)
1720869005.432701 sending message 112 to peer 0x562472281930 (8 bytes)
1720869005.432705 sending message 112 to peer 0x562472281930 (13 bytes)
1720869005.432709 sending message 112 to peer 0x562472281930 (7 bytes)
1720869005.432714 sending message 112 to peer 0x562472281930 (7 bytes)
1720869005.432718 sending message 112 to peer 0x562472281930 (9 bytes)
1720869005.432722 sending message 112 to peer 0x562472281930 (6 bytes)
1720869005.432726 sending message 112 to peer 0x562472281930 (9 bytes)
1720869005.432730 sending message 112 to peer 0x562472281930 (15 bytes)
1720869005.432735 sending message 112 to peer 0x562472281930 (13 bytes)
1720869005.432740 sending message 112 to peer 0x562472281930 (12 bytes)
1720869005.432745 sending message 112 to peer 0x562472281930 (8 bytes)
1720869005.432751 sending message 112 to peer 0x562472281930 (14 bytes)
1720869005.432755 sending message 112 to peer 0x562472281930 (9 bytes)
1720869005.432760 sending message 112 to peer 0x562472281930 (10 bytes)
1720869005.432782 sending message 112 to peer 0x562472281930 (10 bytes)
1720869005.432791 sending message 112 to peer 0x562472281930 (10 bytes)
1720869005.432811 sending message 112 to peer 0x562472281930 (10 bytes)
1720869005.432818 sending message 112 to peer 0x562472281930 (11 bytes)
1720869005.432823 sending message 112 to peer 0x562472281930 (12 bytes)
1720869005.432828 sending message 112 to peer 0x562472281930 (12 bytes)
1720869005.432832 sending message 112 to peer 0x562472281930 (12 bytes)
1720869005.432837 sending message 112 to peer 0x562472281930 (12 bytes)
1720869005.432842 sending message 112 to peer 0x562472281930 (12 bytes)
1720869005.432847 sending message 112 to peer 0x562472281930 (11 bytes)
1720869005.432851 sending message 112 to peer 0x562472281930 (11 bytes)
1720869005.432856 sending message 112 to peer 0x562472281930 (12 bytes)
1720869005.432860 sending message 112 to peer 0x562472281930 (12 bytes)
1720869005.432865 sending message 112 to peer 0x562472281930 (12 bytes)
1720869005.432870 sending message 112 to peer 0x562472281930 (12 bytes)
1720869005.432874 sending message 112 to peer 0x562472281930 (12 bytes)
1720869005.432878 sending message 112 to peer 0x562472281930 (9 bytes)
1720869005.432882 sending message 112 to peer 0x562472281930 (12 bytes)
1720869005.432886 sending message 112 to peer 0x562472281930 (13 bytes)
1720869005.432891 sending message 112 to peer 0x562472281930 (13 bytes)
1720869005.432895 sending message 112 to peer 0x562472281930 (13 bytes)
1720869005.432899 sending message 112 to peer 0x562472281930 (13 bytes)
1720869005.432903 sending message 112 to peer 0x562472281930 (13 bytes)
1720869005.432907 sending message 112 to peer 0x562472281930 (8 bytes)
1720869005.432912 sending message 112 to peer 0x562472281930 (11 bytes)
1720869005.432916 sending message 112 to peer 0x562472281930 (11 bytes)
1720869005.432921 sending message 112 to peer 0x562472281930 (11 bytes)
1720869005.432925 sending message 112 to peer 0x562472281930 (12 bytes)
1720869005.432930 sending message 112 to peer 0x562472281930 (12 bytes)
1720869005.432934 sending message 112 to peer 0x562472281930 (13 bytes)
1720869005.432938 sending message 112 to peer 0x562472281930 (12 bytes)
1720869005.432943 sending message 112 to peer 0x562472281930 (13 bytes)
1720869005.432947 sending message 112 to peer 0x562472281930 (13 bytes)
1720869005.432951 sending message 112 to peer 0x562472281930 (13 bytes)
1720869005.432956 sending message 112 to peer 0x562472281930 (8 bytes)
1720869005.432960 sending message 112 to peer 0x562472281930 (13 bytes)
1720869005.432965 sending message 112 to peer 0x562472281930 (13 bytes)
1720869005.432969 sending message 112 to peer 0x562472281930 (13 bytes)
1720869005.432974 sending message 112 to peer 0x562472281930 (13 bytes)
1720869005.432978 sending message 112 to peer 0x562472281930 (13 bytes)
1720869005.432983 sending message 112 to peer 0x562472281930 (12 bytes)
1720869005.432987 sending message 112 to peer 0x562472281930 (12 bytes)
1720869005.432991 sending message 112 to peer 0x562472281930 (13 bytes)
1720869005.432996 sending message 112 to peer 0x562472281930 (12 bytes)
1720869005.433001 sending message 112 to peer 0x562472281930 (13 bytes)
1720869005.433006 sending message 112 to peer 0x562472281930 (8 bytes)
1720869005.433011 sending message 112 to peer 0x562472281930 (13 bytes)
1720869005.433015 sending message 112 to peer 0x562472281930 (13 bytes)
1720869005.433020 sending message 112 to peer 0x562472281930 (13 bytes)
1720869005.433024 sending message 112 to peer 0x562472281930 (13 bytes)
1720869005.433028 sending message 112 to peer 0x562472281930 (13 bytes)
1720869005.433033 sending message 112 to peer 0x562472281930 (13 bytes)
1720869005.433037 sending message 112 to peer 0x562472281930 (13 bytes)
1720869005.433042 sending message 112 to peer 0x562472281930 (12 bytes)
1720869005.433046 sending message 112 to peer 0x562472281930 (12 bytes)
1720869005.433051 sending message 112 to peer 0x562472281930 (13 bytes)
1720869005.433055 sending message 112 to peer 0x562472281930 (8 bytes)
1720869005.433060 sending message 112 to peer 0x562472281930 (12 bytes)
1720869005.433065 sending message 112 to peer 0x562472281930 (13 bytes)
1720869005.433072 sending message 112 to peer 0x562472281930 (13 bytes)
1720869005.433078 sending message 112 to peer 0x562472281930 (13 bytes)
1720869005.433083 sending message 112 to peer 0x562472281930 (13 bytes)
1720869005.433088 sending message 112 to peer 0x562472281930 (13 bytes)
1720869005.433092 sending message 112 to peer 0x562472281930 (13 bytes)
1720869005.433097 sending message 112 to peer 0x562472281930 (13 bytes)
1720869005.433102 sending message 112 to peer 0x562472281930 (13 bytes)
1720869005.433107 sending message 112 to peer 0x562472281930 (12 bytes)
1720869005.433112 sending message 112 to peer 0x562472281930 (10 bytes)
1720869005.433116 sending message 112 to peer 0x562472281930 (12 bytes)
1720869005.433121 sending message 112 to peer 0x562472281930 (13 bytes)
1720869005.433125 sending message 112 to peer 0x562472281930 (12 bytes)
1720869005.433129 sending message 112 to peer 0x562472281930 (13 bytes)
1720869005.433134 sending message 112 to peer 0x562472281930 (13 bytes)
1720869005.433138 sending message 112 to peer 0x562472281930 (13 bytes)
1720869005.433142 sending message 112 to peer 0x562472281930 (13 bytes)
1720869005.433146 sending message 112 to peer 0x562472281930 (13 bytes)
1720869005.433151 sending message 112 to peer 0x562472281930 (13 bytes)
1720869005.433155 sending message 112 to peer 0x562472281930 (13 bytes)
1720869005.433157 sending message 112 to peer 0x562472281930 (10 bytes)
1720869005.433158 sending message 112 to peer 0x562472281930 (13 bytes)
1720869005.433160 sending message 112 to peer 0x562472281930 (12 bytes)
1720869005.433161 sending message 112 to peer 0x562472281930 (12 bytes)
1720869005.433163 sending message 112 to peer 0x562472281930 (13 bytes)
1720869005.433164 sending message 112 to peer 0x562472281930 (10 bytes)
1720869005.433166 sending message 112 to peer 0x562472281930 (10 bytes)
1720869005.433167 sending message 112 to peer 0x562472281930 (10 bytes)
1720869005.433169 sending message 112 to peer 0x562472281930 (12 bytes)
1720869005.433170 sending message 112 to peer 0x562472281930 (13 bytes)
1720869005.433172 sending message 112 to peer 0x562472281930 (13 bytes)
1720869005.433173 sending message 112 to peer 0x562472281930 (13 bytes)
1720869005.433175 sending message 112 to peer 0x562472281930 (13 bytes)
1720869005.433176 sending message 112 to peer 0x562472281930 (13 bytes)
1720869005.433178 sending message 112 to peer 0x562472281930 (10 bytes)
1720869005.433179 sending message 112 to peer 0x562472281930 (11 bytes)
1720869005.433181 sending message 112 to peer 0x562472281930 (12 bytes)
1720869005.433182 sending message 112 to peer 0x562472281930 (12 bytes)
1720869005.433184 sending message 112 to peer 0x562472281930 (12 bytes)
1720869005.433185 sending message 112 to peer 0x562472281930 (12 bytes)
1720869005.433187 sending message 112 to peer 0x562472281930 (12 bytes)
1720869005.433188 sending message 112 to peer 0x562472281930 (11 bytes)
1720869005.433190 sending message 112 to peer 0x562472281930 (12 bytes)
1720869005.433191 sending message 112 to peer 0x562472281930 (12 bytes)
1720869005.433193 sending message 112 to peer 0x562472281930 (13 bytes)
1720869005.433194 sending message 112 to peer 0x562472281930 (13 bytes)
1720869005.433196 sending message 112 to peer 0x562472281930 (13 bytes)
1720869005.433197 sending message 112 to peer 0x562472281930 (13 bytes)
1720869005.433199 sending message 112 to peer 0x562472281930 (13 bytes)
1720869005.433200 sending message 112 to peer 0x562472281930 (10 bytes)
1720869005.433202 sending message 112 to peer 0x562472281930 (9 bytes)
1720869005.433203 sending message 112 to peer 0x562472281930 (12 bytes)
1720869005.433205 sending message 112 to peer 0x562472281930 (13 bytes)
1720869005.433206 sending message 112 to peer 0x562472281930 (13 bytes)
1720869005.433207 sending message 112 to peer 0x562472281930 (13 bytes)
1720869005.433209 sending message 112 to peer 0x562472281930 (13 bytes)
1720869005.433210 sending message 112 to peer 0x562472281930 (13 bytes)
1720869005.433214 sending message 112 to peer 0x562472281930 (9 bytes)
1720869005.433216 sending message 112 to peer 0x562472281930 (12 bytes)
1720869005.433217 sending message 112 to peer 0x562472281930 (13 bytes)
1720869005.433219 sending message 112 to peer 0x562472281930 (13 bytes)
1720869005.433220 sending message 112 to peer 0x562472281930 (13 bytes)
1720869005.433222 sending message 112 to peer 0x562472281930 (13 bytes)
1720869005.433223 sending message 112 to peer 0x562472281930 (13 bytes)
1720869005.433225 sending message 112 to peer 0x562472281930 (11 bytes)
1720869005.433226 sending message 112 to peer 0x562472281930 (12 bytes)
1720869005.433228 sending message 112 to peer 0x562472281930 (13 bytes)
1720869005.433229 sending message 112 to peer 0x562472281930 (13 bytes)
1720869005.433231 sending message 112 to peer 0x562472281930 (13 bytes)
1720869005.433232 sending message 112 to peer 0x562472281930 (13 bytes)
1720869005.433234 sending message 112 to peer 0x562472281930 (13 bytes)
1720869005.433236 sending message 112 to peer 0x562472281930 (11 bytes)
1720869005.433237 sending message 112 to peer 0x562472281930 (12 bytes)
1720869005.433239 sending message 112 to peer 0x562472281930 (12 bytes)
1720869005.433240 sending message 112 to peer 0x562472281930 (12 bytes)
1720869005.433242 sending message 112 to peer 0x562472281930 (12 bytes)
1720869005.433243 sending message 112 to peer 0x562472281930 (12 bytes)
1720869005.433245 sending message 112 to peer 0x562472281930 (22 bytes)
1720869005.433246 sending message 112 to peer 0x562472281930 (12 bytes)
1720869005.433248 sending message 112 to peer 0x562472281930 (9 bytes)
1720869005.433249 sending message 112 to peer 0x562472281930 (6 bytes)
1720869005.433251 sending message 112 to peer 0x562472281930 (13 bytes)
1720869005.433253 sending message 112 to peer 0x562472281930 (10 bytes)
1720869005.433254 sending message 112 to peer 0x562472281930 (15 bytes)
1720869005.433256 sending message 112 to peer 0x562472281930 (11 bytes)
1720869005.433257 sending message 112 to peer 0x562472281930 (9 bytes)
1720869005.433259 sending message 112 to peer 0x562472281930 (70 bytes)
1720869005.433260 sending message 112 to peer 0x562472281930 (69 bytes)
1720869005.433262 sending message 112 to peer 0x562472281930 (34 bytes)
1720869005.433264 sending message 112 to peer 0x562472281930 (34 bytes)
1720869005.433265 sending message 112 to peer 0x562472281930 (69 bytes)
1720869005.433267 sending message 112 to peer 0x562472281930 (12 bytes)
1720869005.433268 sending message 112 to peer 0x562472281930 (10 bytes)
1720869005.433270 sending message 112 to peer 0x562472281930 (10 bytes)
1720869005.433272 sending message 112 to peer 0x562472281930 (15 bytes)
1720869005.433274 sending message 112 to peer 0x562472281930 (11 bytes)
1720869005.433275 sending message 112 to peer 0x562472281930 (10 bytes)
1720869005.433277 sending message 112 to peer 0x562472281930 (10 bytes)
1720869005.433279 sending message 112 to peer 0x562472281930 (17 bytes)
1720869005.433280 sending message 112 to peer 0x562472281930 (10 bytes)
1720869005.433282 sending message 112 to peer 0x562472281930 (13 bytes)
1720869005.433283 sending message 112 to peer 0x562472281930 (17 bytes)
1720869005.433285 sending message 112 to peer 0x562472281930 (5 bytes)
1720869005.433286 sending message 112 to peer 0x562472281930 (9 bytes)
1720869005.433288 sending message 112 to peer 0x562472281930 (15 bytes)
1720869005.433290 sending message 104 to peer 0x562472281930 (0 bytes)
1720869005.433292 sending message 110 to peer 0x562472281930 (0 bytes)
1720869005.433294 sending message 107 to peer 0x562472281930 (4 bytes)
1720869005.433295 sending message 105 to peer 0x562472281930 (31 bytes)
1720869005.433297 sending message 105 to peer 0x562472281930 (11 bytes)
1720869005.433299 sending message 105 to peer 0x562472281930 (23 bytes)
1720869005.433301 sending message 105 to peer 0x562472281930 (8 bytes)
1720869005.433302 sending message 105 to peer 0x562472281930 (54 bytes)
1720869005.433304 sending message 105 to peer 0x562472281930 (24 bytes)
1720869005.433307 sending message 105 to peer 0x562472281930 (12 bytes)
1720869005.433309 sending message 105 to peer 0x562472281930 (25 bytes)
1720869005.433311 sending message 105 to peer 0x562472281930 (20 bytes)
1720869005.433312 sending message 105 to peer 0x562472281930 (15 bytes)
1720869005.433314 sending message 105 to peer 0x562472281930 (19 bytes)
1720869005.433316 sending message 105 to peer 0x562472281930 (38 bytes)
1720869005.433317 sending message 105 to peer 0x562472281930 (25 bytes)
1720869005.433319 sending message 105 to peer 0x562472281930 (11 bytes)
1720869005.433321 sending message 105 to peer 0x562472281930 (20 bytes)
1720869005.433322 sending message 105 to peer 0x562472281930 (30 bytes)
1720869005.433324 sending message 105 to peer 0x562472281930 (50 bytes)
1720869005.433326 sending message 105 to peer 0x562472281930 (20 bytes)
1720869005.433327 sending message 105 to peer 0x562472281930 (17 bytes)
1720869005.433329 sending message 105 to peer 0x562472281930 (24 bytes)
1720869005.433330 sending message 105 to peer 0x562472281930 (28 bytes)
1720869005.433332 sending message 105 to peer 0x562472281930 (46 bytes)
1720869005.433333 sending message 105 to peer 0x562472281930 (38 bytes)
1720869005.433335 sending message 105 to peer 0x562472281930 (31 bytes)
1720869005.433337 sending message 105 to peer 0x562472281930 (90 bytes)
1720869005.433338 sending message 105 to peer 0x562472281930 (27 bytes)
1720869005.433340 sending message 105 to peer 0x562472281930 (16 bytes)
1720869005.433342 sending message 105 to peer 0x562472281930 (17 bytes)
1720869005.433343 sending message 105 to peer 0x562472281930 (64 bytes)
1720869005.433345 sending message 105 to peer 0x562472281930 (60 bytes)
1720869005.433347 sending message 105 to peer 0x562472281930 (26 bytes)
1720869005.433348 sending message 105 to peer 0x562472281930 (15 bytes)
1720869005.433350 sending message 105 to peer 0x562472281930 (31 bytes)
1720869005.433351 sending message 105 to peer 0x562472281930 (21 bytes)
1720869005.433353 sending message 105 to peer 0x562472281930 (17 bytes)
1720869005.433354 sending message 105 to peer 0x562472281930 (18 bytes)
1720869005.433356 sending message 105 to peer 0x562472281930 (33 bytes)
1720869005.433357 sending message 105 to peer 0x562472281930 (9 bytes)
1720869005.433359 sending message 105 to peer 0x562472281930 (171 bytes)
1720869005.433361 sending message 105 to peer 0x562472281930 (33 bytes)
1720869005.433362 sending message 105 to peer 0x562472281930 (29 bytes)
1720869005.433364 sending message 105 to peer 0x562472281930 (16 bytes)
1720869005.433365 sending message 105 to peer 0x562472281930 (18 bytes)
1720869005.433367 sending message 105 to peer 0x562472281930 (14 bytes)
1720869005.433369 sending message 105 to peer 0x562472281930 (19 bytes)
1720869005.433370 sending message 106 to peer 0x562472281930 (0 bytes)
1720869005.433390 sending message 200 to peer 0x562472281930 (4 bytes)
1720869005.433392 client loop enter
1720869005.433399 client_signal: Child exited
1720869006.087929 peer 0x562472281930 message 207
1720869006.087941 sending message 208 to peer 0x562472281930 (0 bytes)
1720869011.769192 peer 0x562472281930 message 203
1720869011.769202 sending message 205 to peer 0x562472281930 (0 bytes)
1720869011.769345 peer 0x562472281930 message 204
1720869011.769353 client loop exit
