[?1049h[?1h[H[2J[?12h[?25h[?1000l[?1002l[?1003l[?1006l[?1005l[?2004h(B[m[?12h[?25h[?1006l[?1000l[?1002l[?1003l[1;1H[1;51r[c[>c[>q]10;?\]11;?\[1;1HP=1s\[?25l/Users/RootCl/.config/tmux/tmux.conf:2: no current session[47X[47C                                                                                                     [38:2:245:189:230m[48:2:91:96:120m[1m[0/0](B[m[2;1H[K
[K
[K
[K
[K
[K
[K
[K
[K
[K
[K
[K
[K
[K
[K
[K
[K
[K
[K
[K
[K
[K
[K
[K
[K
[K
[K
[K
[K
[K
[K
[K
[K
[K
[K
[K
[K
[K
[K
[K
[K
[K
[K
[K
[K
[K
[K
[K
[K[38:2:245:169:127m[48:2:36:39:58m
█[38:2:36:39:58m[48:2:245:169:127m0[38:2:245:169:127m[48:2:36:39:58m█ [38:2:202:211:245mnvim[38:2:36:39:58m█[30m                                                                                                                                                                                           [38:2:245:189:230m[38:2:36:39:58m[48:2:245:189:230m [38:2:202:211:245m[48:2:54:58:79m fish[38:2:54:58:79m█[38:2:166:218:149m[38:2:36:39:58m[48:2:166:218:149m [38:2:202:211:245m[48:2:54:58:79m 0[38:2:54:58:79m█(B[m[?12h[?25h[1;1HP=2s\[?1004h[?7727h(B[m[?12h[?25h[?1006l[?1000l[?1002l[?1003l[1;1H[1;51r[?1004h[?7727h(B[m[?12h[?25h[?1006l[?1000l[?1002l[?1003l[1;1H[1;51r[?1004h[?7727h(B[m[?12h[?25h[?1006l[?1000l[?1002l[?1003l[1;1H[1;51r(B[m[?12h[?25h[?1006l[?1000l[?1002l[?1003l[1;1H[1;51r[1;1HP=1s\[?25l/Users/RootCl/.config/tmux/tmux.conf:2: no current session[47X[47C                                                                                                     [38:2:245:189:230m[48:2:91:96:120m[1m[0/0](B[m[2;1H[K
[K
[K
[K
[K
[K
[K
[K
[K
[K
[K
[K
[K
[K
[K
[K
[K
[K
[K
[K
[K
[K
[K
[K
[K
[K
[K
[K
[K
[K
[K
[K
[K
[K
[K
[K
[K
[K
[K
[K
[K
[K
[K
[K
[K
[K
[K
[K
[K[38:2:245:169:127m[48:2:36:39:58m
█[38:2:36:39:58m[48:2:245:169:127m0[38:2:245:169:127m[48:2:36:39:58m█ [38:2:202:211:245mnvim[38:2:36:39:58m█[30m                                                                                                                                                                                           [38:2:245:189:230m[38:2:36:39:58m[48:2:245:189:230m [38:2:202:211:245m[48:2:54:58:79m fish[38:2:54:58:79m█[38:2:166:218:149m[38:2:36:39:58m[48:2:166:218:149m [38:2:202:211:245m[48:2:54:58:79m 0[38:2:54:58:79m█(B[m[?12h[?25h[1;1HP=2s\P=1s\[?25l[?12h[?25hP=2s\P=1s\[?25l[K[36m[1m
nvim(B[m on [35m[1m master(B[m [31m[1m[!?](B[m via [34m[1m v5.4.7 (B[m[K[38:2:42:195:222m[1m
󱘹 (B[m [K
[K
[K
[K
[K
[K
[K
[K
[K
[K
[K
[K
[K
[K
[K
[K
[K
[K
[K
[K
[K
[K
[K
[K
[K
[K
[K
[K
[K
[K
[K
[K
[K
[K
[K
[K
[K
[K
[K
[K
[K
[K
[K
[K
[K
[K
[K
[K[?12h[?25h[3;5HP=2s\P=1s\[?25l[?12h[?25hP=2s\e[91me(B[m[38:2:85:85:85mxit[3D(B[m[91mx(B[m[38:2:85:85:85mit(B[m[91mi(B[m[38:2:85:85:85mt(B[m[3D[34mexit(B[m
P=1s\[?25l[38:2:245:169:127m[48:2:36:39:58m[51d█[38:2:36:39:58m[48:2:245:169:127m0[38:2:245:169:127m[48:2:36:39:58m█ [38:2:36:39:58m█[30m                                                                                                                                                                                               [38:2:245:189:230m[38:2:36:39:58m[48:2:245:189:230m [38:2:202:211:245m[48:2:54:58:79m fish[38:2:54:58:79m█[38:2:166:218:149m[38:2:36:39:58m[48:2:166:218:149m [38:2:202:211:245m[48:2:54:58:79m 0[38:2:54:58:79m█(B[m[?12h[?25h[4;1HP=2s\